2017-08-10 18:53:08,097 INFO [main] o.a.k.c.producer.ProducerConfig [AbstractConfig.java : 178] ProducerConfig values: 
	interceptor.classes = null
	request.timeout.ms = 30000
	ssl.truststore.password = null
	retry.backoff.ms = 100
	buffer.memory = 33554432
	batch.size = 16384
	ssl.keymanager.algorithm = SunX509
	receive.buffer.bytes = 32768
	ssl.key.password = null
	ssl.cipher.suites = null
	sasl.kerberos.ticket.renew.jitter = 0.05
	sasl.kerberos.service.name = null
	ssl.provider = null
	max.in.flight.requests.per.connection = 5
	sasl.kerberos.ticket.renew.window.factor = 0.8
	sasl.mechanism = GSSAPI
	bootstrap.servers = [123.59.27.205:9092]
	client.id = 
	max.request.size = 1048576
	acks = all
	linger.ms = 1
	sasl.kerberos.kinit.cmd = /usr/bin/kinit
	ssl.enabled.protocols = [TLSv1.2, TLSv1.1, TLSv1]
	metadata.fetch.timeout.ms = 60000
	ssl.endpoint.identification.algorithm = null
	ssl.keystore.location = null
	value.serializer = class org.apache.kafka.common.serialization.StringSerializer
	ssl.truststore.location = null
	ssl.keystore.password = null
	block.on.buffer.full = false
	key.serializer = class org.apache.kafka.common.serialization.StringSerializer
	metrics.sample.window.ms = 30000
	security.protocol = PLAINTEXT
	metadata.max.age.ms = 300000
	ssl.protocol = TLS
	sasl.kerberos.min.time.before.relogin = 60000
	timeout.ms = 30000
	connections.max.idle.ms = 540000
	ssl.trustmanager.algorithm = PKIX
	metric.reporters = []
	ssl.truststore.type = JKS
	compression.type = none
	retries = 0
	max.block.ms = 60000
	partitioner.class = class org.apache.kafka.clients.producer.internals.DefaultPartitioner
	send.buffer.bytes = 131072
	reconnect.backoff.ms = 50
	metrics.num.samples = 2
	ssl.keystore.type = JKS

2017-08-10 18:53:08,349 DEBUG [main] o.a.kafka.common.metrics.Metrics [Metrics.java : 296] Added sensor with name bufferpool-wait-time
2017-08-10 18:53:08,355 DEBUG [main] o.a.kafka.common.metrics.Metrics [Metrics.java : 296] Added sensor with name buffer-exhausted-records
2017-08-10 18:53:08,357 DEBUG [main] org.apache.kafka.clients.Metadata [Metadata.java : 180] Updated cluster metadata version 1 to Cluster(nodes = [123.59.27.205:9092 (id: -1 rack: null)], partitions = [])
2017-08-10 18:53:08,371 DEBUG [main] o.a.kafka.common.metrics.Metrics [Metrics.java : 296] Added sensor with name connections-closed:
2017-08-10 18:53:08,372 DEBUG [main] o.a.kafka.common.metrics.Metrics [Metrics.java : 296] Added sensor with name connections-created:
2017-08-10 18:53:08,372 DEBUG [main] o.a.kafka.common.metrics.Metrics [Metrics.java : 296] Added sensor with name bytes-sent-received:
2017-08-10 18:53:08,373 DEBUG [main] o.a.kafka.common.metrics.Metrics [Metrics.java : 296] Added sensor with name bytes-sent:
2017-08-10 18:53:08,374 DEBUG [main] o.a.kafka.common.metrics.Metrics [Metrics.java : 296] Added sensor with name bytes-received:
2017-08-10 18:53:08,375 DEBUG [main] o.a.kafka.common.metrics.Metrics [Metrics.java : 296] Added sensor with name select-time:
2017-08-10 18:53:08,375 DEBUG [main] o.a.kafka.common.metrics.Metrics [Metrics.java : 296] Added sensor with name io-time:
2017-08-10 18:53:08,381 DEBUG [main] o.a.kafka.common.metrics.Metrics [Metrics.java : 296] Added sensor with name batch-size
2017-08-10 18:53:08,381 DEBUG [main] o.a.kafka.common.metrics.Metrics [Metrics.java : 296] Added sensor with name compression-rate
2017-08-10 18:53:08,382 DEBUG [main] o.a.kafka.common.metrics.Metrics [Metrics.java : 296] Added sensor with name queue-time
2017-08-10 18:53:08,383 DEBUG [main] o.a.kafka.common.metrics.Metrics [Metrics.java : 296] Added sensor with name request-time
2017-08-10 18:53:08,383 DEBUG [main] o.a.kafka.common.metrics.Metrics [Metrics.java : 296] Added sensor with name produce-throttle-time
2017-08-10 18:53:08,384 DEBUG [main] o.a.kafka.common.metrics.Metrics [Metrics.java : 296] Added sensor with name records-per-request
2017-08-10 18:53:08,384 DEBUG [main] o.a.kafka.common.metrics.Metrics [Metrics.java : 296] Added sensor with name record-retries
2017-08-10 18:53:08,385 DEBUG [main] o.a.kafka.common.metrics.Metrics [Metrics.java : 296] Added sensor with name errors
2017-08-10 18:53:08,385 DEBUG [main] o.a.kafka.common.metrics.Metrics [Metrics.java : 296] Added sensor with name record-size-max
2017-08-10 18:53:08,388 DEBUG [kafka-producer-network-thread | producer-1] o.a.k.c.producer.internals.Sender [Sender.java : 129] Starting Kafka producer I/O thread.
2017-08-10 18:53:08,388 INFO [main] o.a.k.c.producer.ProducerConfig [AbstractConfig.java : 178] ProducerConfig values: 
	interceptor.classes = null
	request.timeout.ms = 30000
	ssl.truststore.password = null
	retry.backoff.ms = 100
	buffer.memory = 33554432
	batch.size = 16384
	ssl.keymanager.algorithm = SunX509
	receive.buffer.bytes = 32768
	ssl.key.password = null
	ssl.cipher.suites = null
	sasl.kerberos.ticket.renew.jitter = 0.05
	sasl.kerberos.service.name = null
	ssl.provider = null
	max.in.flight.requests.per.connection = 5
	sasl.kerberos.ticket.renew.window.factor = 0.8
	sasl.mechanism = GSSAPI
	bootstrap.servers = [123.59.27.205:9092]
	client.id = producer-1
	max.request.size = 1048576
	acks = all
	linger.ms = 1
	sasl.kerberos.kinit.cmd = /usr/bin/kinit
	ssl.enabled.protocols = [TLSv1.2, TLSv1.1, TLSv1]
	metadata.fetch.timeout.ms = 60000
	ssl.endpoint.identification.algorithm = null
	ssl.keystore.location = null
	value.serializer = class org.apache.kafka.common.serialization.StringSerializer
	ssl.truststore.location = null
	ssl.keystore.password = null
	block.on.buffer.full = false
	key.serializer = class org.apache.kafka.common.serialization.StringSerializer
	metrics.sample.window.ms = 30000
	security.protocol = PLAINTEXT
	metadata.max.age.ms = 300000
	ssl.protocol = TLS
	sasl.kerberos.min.time.before.relogin = 60000
	timeout.ms = 30000
	connections.max.idle.ms = 540000
	ssl.trustmanager.algorithm = PKIX
	metric.reporters = []
	ssl.truststore.type = JKS
	compression.type = none
	retries = 0
	max.block.ms = 60000
	partitioner.class = class org.apache.kafka.clients.producer.internals.DefaultPartitioner
	send.buffer.bytes = 131072
	reconnect.backoff.ms = 50
	metrics.num.samples = 2
	ssl.keystore.type = JKS

2017-08-10 18:53:08,392 INFO [main] o.a.kafka.common.utils.AppInfoParser [AppInfoParser.java : 83] Kafka version : 0.10.0.0
2017-08-10 18:53:08,392 INFO [main] o.a.kafka.common.utils.AppInfoParser [AppInfoParser.java : 84] Kafka commitId : b8642491e78c5a13
2017-08-10 18:53:08,394 DEBUG [main] o.a.k.clients.producer.KafkaProducer [KafkaProducer.java : 329] Kafka producer started
2017-08-10 18:53:08,460 DEBUG [kafka-producer-network-thread | producer-1] o.apache.kafka.clients.NetworkClient [NetworkClient.java : 644] Initialize connection to node -1 for sending metadata request
2017-08-10 18:53:08,460 DEBUG [kafka-producer-network-thread | producer-1] o.apache.kafka.clients.NetworkClient [NetworkClient.java : 496] Initiating connection to node -1 at 123.59.27.205:9092.
2017-08-10 18:53:08,502 DEBUG [kafka-producer-network-thread | producer-1] o.a.kafka.common.metrics.Metrics [Metrics.java : 296] Added sensor with name node--1.bytes-sent
2017-08-10 18:53:08,504 DEBUG [kafka-producer-network-thread | producer-1] o.a.kafka.common.metrics.Metrics [Metrics.java : 296] Added sensor with name node--1.bytes-received
2017-08-10 18:53:08,504 DEBUG [kafka-producer-network-thread | producer-1] o.a.kafka.common.metrics.Metrics [Metrics.java : 296] Added sensor with name node--1.latency
2017-08-10 18:53:08,506 DEBUG [kafka-producer-network-thread | producer-1] o.apache.kafka.clients.NetworkClient [NetworkClient.java : 476] Completed connection to node -1
2017-08-10 18:53:08,668 DEBUG [kafka-producer-network-thread | producer-1] o.apache.kafka.clients.NetworkClient [NetworkClient.java : 640] Sending metadata request {topics=[dmp]} to node -1
2017-08-10 18:53:08,729 DEBUG [kafka-producer-network-thread | producer-1] org.apache.kafka.clients.Metadata [Metadata.java : 180] Updated cluster metadata version 2 to Cluster(nodes = [qa-service:9092 (id: 0 rack: null)], partitions = [Partition(topic = dmp, partition = 0, leader = 0, replicas = [0,], isr = [0,]])
2017-08-10 18:53:08,747 DEBUG [kafka-producer-network-thread | producer-1] o.apache.kafka.clients.NetworkClient [NetworkClient.java : 496] Initiating connection to node 0 at qa-service:9092.
2017-08-10 18:53:08,790 INFO [main] o.a.k.clients.producer.KafkaProducer [KafkaProducer.java : 658] Closing the Kafka producer with timeoutMillis = 9223372036854775807 ms.
2017-08-10 18:53:09,200 DEBUG [kafka-producer-network-thread | producer-1] o.a.k.c.producer.internals.Sender [Sender.java : 140] Beginning shutdown of Kafka producer I/O thread, sending remaining records.
2017-08-10 18:53:09,229 DEBUG [kafka-producer-network-thread | producer-1] o.a.kafka.common.metrics.Metrics [Metrics.java : 296] Added sensor with name node-0.bytes-sent
2017-08-10 18:53:09,231 DEBUG [kafka-producer-network-thread | producer-1] o.a.kafka.common.metrics.Metrics [Metrics.java : 296] Added sensor with name node-0.bytes-received
2017-08-10 18:53:09,231 DEBUG [kafka-producer-network-thread | producer-1] o.a.kafka.common.metrics.Metrics [Metrics.java : 296] Added sensor with name node-0.latency
2017-08-10 18:53:09,232 DEBUG [kafka-producer-network-thread | producer-1] o.apache.kafka.clients.NetworkClient [NetworkClient.java : 476] Completed connection to node 0
2017-08-10 18:53:09,233 DEBUG [kafka-producer-network-thread | producer-1] o.a.kafka.common.metrics.Metrics [Metrics.java : 296] Added sensor with name topic.dmp.records-per-batch
2017-08-10 18:53:09,233 DEBUG [kafka-producer-network-thread | producer-1] o.a.kafka.common.metrics.Metrics [Metrics.java : 296] Added sensor with name topic.dmp.bytes
2017-08-10 18:53:09,234 DEBUG [kafka-producer-network-thread | producer-1] o.a.kafka.common.metrics.Metrics [Metrics.java : 296] Added sensor with name topic.dmp.compression-rate
2017-08-10 18:53:09,234 DEBUG [kafka-producer-network-thread | producer-1] o.a.kafka.common.metrics.Metrics [Metrics.java : 296] Added sensor with name topic.dmp.record-retries
2017-08-10 18:53:09,234 DEBUG [kafka-producer-network-thread | producer-1] o.a.kafka.common.metrics.Metrics [Metrics.java : 296] Added sensor with name topic.dmp.record-errors
2017-08-10 18:53:09,713 DEBUG [kafka-producer-network-thread | producer-1] o.a.kafka.common.metrics.Metrics [Metrics.java : 315] Removed sensor with name connections-closed:
2017-08-10 18:53:09,714 DEBUG [kafka-producer-network-thread | producer-1] o.a.kafka.common.metrics.Metrics [Metrics.java : 315] Removed sensor with name connections-created:
2017-08-10 18:53:09,714 DEBUG [kafka-producer-network-thread | producer-1] o.a.kafka.common.metrics.Metrics [Metrics.java : 315] Removed sensor with name bytes-sent-received:
2017-08-10 18:53:09,715 DEBUG [kafka-producer-network-thread | producer-1] o.a.kafka.common.metrics.Metrics [Metrics.java : 315] Removed sensor with name bytes-sent:
2017-08-10 18:53:09,715 DEBUG [kafka-producer-network-thread | producer-1] o.a.kafka.common.metrics.Metrics [Metrics.java : 315] Removed sensor with name bytes-received:
2017-08-10 18:53:09,716 DEBUG [kafka-producer-network-thread | producer-1] o.a.kafka.common.metrics.Metrics [Metrics.java : 315] Removed sensor with name select-time:
2017-08-10 18:53:09,716 DEBUG [kafka-producer-network-thread | producer-1] o.a.kafka.common.metrics.Metrics [Metrics.java : 315] Removed sensor with name io-time:
2017-08-10 18:53:09,716 DEBUG [kafka-producer-network-thread | producer-1] o.a.kafka.common.metrics.Metrics [Metrics.java : 315] Removed sensor with name node--1.bytes-sent
2017-08-10 18:53:09,717 DEBUG [kafka-producer-network-thread | producer-1] o.a.kafka.common.metrics.Metrics [Metrics.java : 315] Removed sensor with name node--1.bytes-received
2017-08-10 18:53:09,717 DEBUG [kafka-producer-network-thread | producer-1] o.a.kafka.common.metrics.Metrics [Metrics.java : 315] Removed sensor with name node--1.latency
2017-08-10 18:53:09,718 DEBUG [kafka-producer-network-thread | producer-1] o.a.kafka.common.metrics.Metrics [Metrics.java : 315] Removed sensor with name node-0.bytes-sent
2017-08-10 18:53:09,718 DEBUG [kafka-producer-network-thread | producer-1] o.a.kafka.common.metrics.Metrics [Metrics.java : 315] Removed sensor with name node-0.bytes-received
2017-08-10 18:53:09,718 DEBUG [kafka-producer-network-thread | producer-1] o.a.kafka.common.metrics.Metrics [Metrics.java : 315] Removed sensor with name node-0.latency
2017-08-10 18:53:09,718 DEBUG [kafka-producer-network-thread | producer-1] o.a.k.c.producer.internals.Sender [Sender.java : 163] Shutdown of Kafka producer I/O thread has completed.
2017-08-10 18:53:09,719 DEBUG [main] o.a.k.clients.producer.KafkaProducer [KafkaProducer.java : 700] The Kafka producer has closed.
